10
===========
 Put Data Set Count Here 
===========
-----------------
Search: 9-D
-----------------
'-0.575798,0.0710554,-0.193127,-0.304372,-0.66987,-0.594756,-0.919146,-0.392632,0.717358'
	x	|	y	|	offset	|	score
---------+---------+--------+-----------
34.4656	|68.354	|90	|4.06102
34.4656	|68.354	|115	|4.10995
34.4656	|68.354	|340	|4.16629
34.4656	|68.354	|175	|4.1798
34.4656	|68.354	|85	|4.22554
34.4656	|68.354	|25	|4.24852
34.4656	|68.354	|60	|4.26727
34.4656	|68.354	|160	|4.26989
34.4656	|68.354	|105	|4.28333
34.4656	|68.354	|5	|4.31603
(10 rows)

Time: 0.002256 seconds
'-0.165536,-0.948797,0.519954,-0.916577,0.390697,-0.21294,0.632894,-0.830944,0.988164'
	x	|	y	|	offset	|	score
---------+---------+--------+-----------
34.4656	|68.354	|20	|5.06869
34.4656	|68.354	|150	|5.11336
34.4656	|68.354	|105	|5.21594
34.4656	|68.354	|160	|5.22946
34.4656	|68.354	|100	|5.27593
34.4656	|68.354	|180	|5.27718
34.4656	|68.354	|65	|5.32454
34.4656	|68.354	|55	|5.36587
34.4656	|68.354	|45	|5.37026
34.4656	|68.354	|175	|5.37242
(10 rows)

Time: 0.001329 seconds
'0.242395,0.703663,0.123114,0.360094,-0.0956872,-0.249305,0.540907,-0.817655,0.730646'
	x	|	y	|	offset	|	score
---------+---------+--------+-----------
34.4656	|68.354	|180	|3.33005
34.4656	|68.354	|20	|3.51809
34.4656	|68.354	|115	|3.51999
34.4656	|68.354	|335	|3.63389
34.4656	|68.354	|15	|3.64161
34.4656	|68.354	|105	|3.66589
34.4656	|68.354	|150	|3.67376
34.4656	|68.354	|25	|3.69233
34.4656	|68.354	|70	|3.70951
34.4656	|68.354	|340	|3.71042
(10 rows)

Time: 0.001266 seconds
'-0.99333,0.0922198,-0.0704571,-0.733762,0.516422,-0.999402,0.0731107,-0.78795,-0.669271'
	x	|	y	|	offset	|	score
---------+---------+--------+-----------
34.4656	|68.354	|155	|4.59272
34.4656	|68.354	|160	|4.61404
34.4656	|68.354	|150	|4.71945
34.4656	|68.354	|20	|4.72992
34.4656	|68.354	|275	|4.73521
34.4656	|68.354	|100	|4.75089
34.4656	|68.354	|80	|4.7671
34.4656	|68.354	|340	|4.79184
34.4656	|68.354	|85	|4.79198
34.4656	|68.354	|55	|4.79975
(10 rows)

Time: 0.001278 seconds
'0.478355,-0.707096,-0.0619032,0.195713,0.127368,-0.0107001,-0.284333,0.210791,-0.620003'
	x	|	y	|	offset	|	score
---------+---------+--------+-----------
34.4656	|68.354	|30	|2.35832
34.4656	|68.354	|95	|2.37253
34.4656	|68.354	|50	|2.41001
34.4656	|68.354	|40	|2.48116
34.4656	|68.354	|130	|2.50798
34.4656	|68.354	|350	|2.53999
34.4656	|68.354	|70	|2.54501
34.4656	|68.354	|275	|2.55424
34.4656	|68.354	|355	|2.55505
34.4656	|68.354	|120	|2.56149
(10 rows)

Time: 0.001386 seconds
'0.502727,-0.156315,-0.450947,0.490891,-0.91392,-0.747285,-0.385994,0.446174,0.157028'
	x	|	y	|	offset	|	score
---------+---------+--------+-----------
34.4656	|68.354	|40	|3.54358
34.4656	|68.354	|30	|3.78589
34.4656	|68.354	|180	|3.87322
34.4656	|68.354	|50	|3.92095
34.4656	|68.354	|90	|3.97967
34.4656	|68.354	|105	|3.9949
34.4656	|68.354	|70	|4.02229
34.4656	|68.354	|355	|4.0289
34.4656	|68.354	|115	|4.03283
34.4656	|68.354	|125	|4.04386
(10 rows)

Time: 0.001296 seconds
'0.364701,-0.0129185,0.339374,0.0953469,-0.00624806,-0.568407,-0.97511,0.25999,0.948016'
	x	|	y	|	offset	|	score
---------+---------+--------+-----------
34.4656	|68.354	|40	|3.26161
34.4656	|68.354	|50	|3.35756
34.4656	|68.354	|130	|3.37576
34.4656	|68.354	|105	|3.37954
34.4656	|68.354	|35	|3.40247
34.4656	|68.354	|170	|3.42055
34.4656	|68.354	|75	|3.43129
34.4656	|68.354	|90	|3.43184
34.4656	|68.354	|265	|3.47357
34.4656	|68.354	|180	|3.49478
(10 rows)

Time: 0.001301 seconds
'-0.974512,-0.666899,-0.839934,-0.643783,0.811455,-0.54703,0.294314,0.00716805,0.580338'
	x	|	y	|	offset	|	score
---------+---------+--------+-----------
34.4656	|68.354	|150	|4.80131
34.4656	|68.354	|20	|4.96759
34.4656	|68.354	|105	|5.06335
34.4656	|68.354	|100	|5.07827
34.4656	|68.354	|275	|5.123
34.4656	|68.354	|55	|5.1404
34.4656	|68.354	|175	|5.16923
34.4656	|68.354	|330	|5.17096
34.4656	|68.354	|85	|5.19005
34.4656	|68.354	|30	|5.19514
(10 rows)

Time: 0.001355 seconds
'-0.716387,0.722835,-0.208871,-0.33639,0.225562,0.634813,0.212663,-0.283546,0.720893'
	x	|	y	|	offset	|	score
---------+---------+--------+-----------
34.4656	|68.354	|160	|3.62192
34.4656	|68.354	|20	|3.63894
34.4656	|68.354	|25	|3.66848
34.4656	|68.354	|65	|3.69233
34.4656	|68.354	|10	|3.70351
34.4656	|68.354	|85	|3.73019
34.4656	|68.354	|45	|3.84389
34.4656	|68.354	|155	|3.86103
34.4656	|68.354	|275	|3.86884
34.4656	|68.354	|330	|3.88337
(10 rows)

Time: 0.001281 seconds
'0.465378,0.330459,0.167067,-0.377594,-0.304839,-0.845851,0.96178,0.790508,0.147901'
	x	|	y	|	offset	|	score
---------+---------+--------+-----------
34.4656	|68.354	|20	|3.69734
34.4656	|68.354	|115	|3.82667
34.4656	|68.354	|150	|4.07162
34.4656	|68.354	|15	|4.12969
34.4656	|68.354	|330	|4.17137
34.4656	|68.354	|125	|4.17865
34.4656	|68.354	|170	|4.17978
34.4656	|68.354	|335	|4.20025
34.4656	|68.354	|180	|4.20733
34.4656	|68.354	|70	|4.25005
(10 rows)

Time: 0.001283 seconds
'-0.606626,0.815397,-0.592109,-0.658611,0.840886,-0.259008,-0.498545,-0.802898,-0.447553'
	x	|	y	|	offset	|	score
---------+---------+--------+-----------
34.4656	|68.354	|25	|5.16882
34.4656	|68.354	|155	|5.19273
34.4656	|68.354	|160	|5.19833
34.4656	|68.354	|100	|5.20601
34.4656	|68.354	|350	|5.24358
34.4656	|68.354	|90	|5.25763
34.4656	|68.354	|60	|5.29898
34.4656	|68.354	|275	|5.3169
34.4656	|68.354	|80	|5.33679
34.4656	|68.354	|335	|5.36694
(10 rows)

Time: 0.001289 seconds
'-0.0455754,0.491416,0.559615,-0.465238,0.775029,0.28245,0.325891,-0.561361,-0.491988'
	x	|	y	|	offset	|	score
---------+---------+--------+-----------
34.4656	|68.354	|20	|3.49147
34.4656	|68.354	|160	|3.53162
34.4656	|68.354	|25	|3.65344
34.4656	|68.354	|335	|3.65903
34.4656	|68.354	|65	|3.74581
34.4656	|68.354	|10	|3.77555
34.4656	|68.354	|80	|3.81284
34.4656	|68.354	|155	|3.81629
34.4656	|68.354	|100	|3.82879
34.4656	|68.354	|15	|3.8306
(10 rows)

Time: 0.001296 seconds
'-0.0392959,0.651302,0.224466,-0.318403,0.11668,-0.445075,0.848665,0.739087,0.250086'
	x	|	y	|	offset	|	score
---------+---------+--------+-----------
34.4656	|68.354	|20	|2.86029
34.4656	|68.354	|150	|3.1067
34.4656	|68.354	|160	|3.31901
34.4656	|68.354	|330	|3.33509
34.4656	|68.354	|115	|3.41819
34.4656	|68.354	|105	|3.42262
34.4656	|68.354	|335	|3.43428
34.4656	|68.354	|75	|3.4797
34.4656	|68.354	|175	|3.50934
34.4656	|68.354	|265	|3.53816
(10 rows)

Time: 0.001256 seconds
'-0.997186,0.700867,0.0405935,0.150714,-0.90576,-0.144009,0.558605,-0.56437,-0.303124'
	x	|	y	|	offset	|	score
---------+---------+--------+-----------
34.4656	|68.354	|155	|3.75625
34.4656	|68.354	|25	|3.86168
34.4656	|68.354	|15	|3.97073
34.4656	|68.354	|335	|4.09328
34.4656	|68.354	|185	|4.11278
34.4656	|68.354	|110	|4.14616
34.4656	|68.354	|20	|4.14745
34.4656	|68.354	|115	|4.14798
34.4656	|68.354	|80	|4.17409
34.4656	|68.354	|60	|4.18217
(10 rows)

Time: 0.001295 seconds
'-0.700403,-0.0629151,-0.106021,-0.147956,0.891509,-0.614606,-0.588341,-0.573728,-0.839577'
	x	|	y	|	offset	|	score
---------+---------+--------+-----------
34.4656	|68.354	|100	|4.2152
34.4656	|68.354	|275	|4.27056
34.4656	|68.354	|105	|4.28773
34.4656	|68.354	|80	|4.30804
34.4656	|68.354	|350	|4.32936
34.4656	|68.354	|175	|4.33085
34.4656	|68.354	|150	|4.33737
34.4656	|68.354	|135	|4.34654
34.4656	|68.354	|90	|4.3475
34.4656	|68.354	|170	|4.3524
(10 rows)

Time: 0.001337 seconds
'0.694109,0.752162,-0.400938,-0.797879,-0.287133,-0.749635,0.426587,0.394464,0.367045'
	x	|	y	|	offset	|	score
---------+---------+--------+-----------
34.4656	|68.354	|20	|4.30008
34.4656	|68.354	|115	|4.53717
34.4656	|68.354	|150	|4.54462
34.4656	|68.354	|15	|4.5606
34.4656	|68.354	|30	|4.61737
34.4656	|68.354	|70	|4.63169
34.4656	|68.354	|40	|4.63903
34.4656	|68.354	|330	|4.6482
34.4656	|68.354	|85	|4.69836
34.4656	|68.354	|125	|4.71512
(10 rows)

Time: 0.001275 seconds
'0.981512,0.243129,0.106132,0.231598,0.245942,-0.193002,-0.727808,-0.603344,-0.0987611'
	x	|	y	|	offset	|	score
---------+---------+--------+-----------
34.4656	|68.354	|90	|3.11274
34.4656	|68.354	|335	|3.11344
34.4656	|68.354	|130	|3.15803
34.4656	|68.354	|100	|3.1781
34.4656	|68.354	|50	|3.17888
34.4656	|68.354	|170	|3.18702
34.4656	|68.354	|350	|3.1991
34.4656	|68.354	|25	|3.2226
34.4656	|68.354	|270	|3.24498
34.4656	|68.354	|60	|3.25883
(10 rows)

Time: 0.001309 seconds
'0.128183,0.955262,0.336869,0.825059,-0.745142,-0.726046,-0.280962,0.106902,-0.834537'
	x	|	y	|	offset	|	score
---------+---------+--------+-----------
34.4656	|68.354	|15	|4.47923
34.4656	|68.354	|170	|4.58491
34.4656	|68.354	|40	|4.59029
34.4656	|68.354	|335	|4.64778
34.4656	|68.354	|70	|4.66223
34.4656	|68.354	|60	|4.66236
34.4656	|68.354	|115	|4.69359
34.4656	|68.354	|270	|4.71073
34.4656	|68.354	|50	|4.74671
34.4656	|68.354	|130	|4.74778
(10 rows)

Time: 0.00125 seconds
'0.104432,0.518561,-0.408265,0.264856,0.21267,-0.656103,0.863918,0.414792,0.0567635'
	x	|	y	|	offset	|	score
---------+---------+--------+-----------
34.4656	|68.354	|150	|3.00376
34.4656	|68.354	|30	|3.13862
34.4656	|68.354	|20	|3.20814
34.4656	|68.354	|40	|3.20895
34.4656	|68.354	|70	|3.23808
34.4656	|68.354	|15	|3.25694
34.4656	|68.354	|330	|3.28013
34.4656	|68.354	|185	|3.29277
34.4656	|68.354	|50	|3.30634
34.4656	|68.354	|105	|3.32102
(10 rows)

Time: 0.001275 seconds
'-0.885717,-0.158621,-0.548773,0.481327,-0.177109,0.694356,-0.412541,-0.94551,-0.059702'
	x	|	y	|	offset	|	score
---------+---------+--------+-----------
34.4656	|68.354	|25	|3.8889
34.4656	|68.354	|95	|3.94097
34.4656	|68.354	|45	|4.0378
34.4656	|68.354	|345	|4.07032
34.4656	|68.354	|165	|4.08088
34.4656	|68.354	|120	|4.096
34.4656	|68.354	|185	|4.19967
34.4656	|68.354	|90	|4.20178
34.4656	|68.354	|80	|4.20327
34.4656	|68.354	|35	|4.2416
(10 rows)

Time: 0.001278 seconds
'0.394457,-0.673318,0.336954,-0.704304,0.454865,0.292216,0.632565,0.279924,0.547075'
	x	|	y	|	offset	|	score
---------+---------+--------+-----------
34.4656	|68.354	|100	|3.92384
34.4656	|68.354	|20	|3.99051
34.4656	|68.354	|30	|3.99564
34.4656	|68.354	|10	|4.057
34.4656	|68.354	|65	|4.07016
34.4656	|68.354	|330	|4.09652
34.4656	|68.354	|275	|4.13103
34.4656	|68.354	|175	|4.13192
34.4656	|68.354	|160	|4.13611
34.4656	|68.354	|35	|4.14103
(10 rows)

Time: 0.00127 seconds
'0.906518,0.998962,-0.346023,-0.928019,0.103394,-0.827462,-0.336284,-0.63175,0.385208'
	x	|	y	|	offset	|	score
---------+---------+--------+-----------
34.4656	|68.354	|90	|4.96844
34.4656	|68.354	|160	|5.09111
34.4656	|68.354	|30	|5.09813
34.4656	|68.354	|350	|5.13964
34.4656	|68.354	|340	|5.18605
34.4656	|68.354	|50	|5.21377
34.4656	|68.354	|85	|5.25146
34.4656	|68.354	|20	|5.25291
34.4656	|68.354	|275	|5.26012
34.4656	|68.354	|100	|5.27138
(10 rows)

Time: 0.001258 seconds
'0.00761306,-0.767832,-0.2,-0.935623,-0.653549,0.641379,-0.484396,0.827778,-0.53573'
	x	|	y	|	offset	|	score
---------+---------+--------+-----------
34.4656	|68.354	|165	|4.76845
34.4656	|68.354	|95	|4.78199
34.4656	|68.354	|30	|4.85731
34.4656	|68.354	|125	|4.93786
34.4656	|68.354	|355	|4.9499
34.4656	|68.354	|5	|4.96417
34.4656	|68.354	|265	|4.96803
34.4656	|68.354	|0	|4.97577
34.4656	|68.354	|145	|4.98505
34.4656	|68.354	|310	|4.99018
(10 rows)

Time: 0.001274 seconds
'-0.79004,-0.584763,-0.48124,0.150258,0.809695,-0.154558,-0.512788,-0.894609,-0.699694'
	x	|	y	|	offset	|	score
---------+---------+--------+-----------
34.4656	|68.354	|95	|4.6432
34.4656	|68.354	|90	|4.75133
34.4656	|68.354	|105	|4.82301
34.4656	|68.354	|80	|4.82836
34.4656	|68.354	|135	|4.85485
34.4656	|68.354	|40	|4.85749
34.4656	|68.354	|120	|4.88116
34.4656	|68.354	|130	|4.88796
34.4656	|68.354	|185	|4.88844
34.4656	|68.354	|350	|4.91525
(10 rows)

Time: 0.001276 seconds
'0.779428,0.737956,0.58023,0.326503,0.644474,0.579192,0.98048,0.716456,-0.317413'
	x	|	y	|	offset	|	score
---------+---------+--------+-----------
34.4656	|68.354	|15	|5.09384
34.4656	|68.354	|335	|5.32467
34.4656	|68.354	|155	|5.40822
34.4656	|68.354	|120	|5.45474
34.4656	|68.354	|330	|5.46315
34.4656	|68.354	|10	|5.51306
34.4656	|68.354	|70	|5.52607
34.4656	|68.354	|20	|5.5272
34.4656	|68.354	|165	|5.53652
34.4656	|68.354	|100	|5.54648
(10 rows)

Time: 0.001263 seconds
'-0.846982,-0.619828,0.050837,0.538227,0.387785,0.283005,-0.661773,0.452162,0.629456'
	x	|	y	|	offset	|	score
---------+---------+--------+-----------
34.4656	|68.354	|175	|3.94115
34.4656	|68.354	|45	|4.0976
34.4656	|68.354	|120	|4.14658
34.4656	|68.354	|35	|4.16808
34.4656	|68.354	|135	|4.18555
34.4656	|68.354	|110	|4.2223
34.4656	|68.354	|100	|4.23136
34.4656	|68.354	|95	|4.27778
34.4656	|68.354	|130	|4.29143
34.4656	|68.354	|265	|4.34134
(10 rows)

Time: 0.001261 seconds
'0.979606,0.967766,0.457234,-0.556124,-0.822275,0.872472,-0.0373644,0.327983,0.682166'
	x	|	y	|	offset	|	score
---------+---------+--------+-----------
34.4656	|68.354	|115	|5.32152
34.4656	|68.354	|125	|5.46029
34.4656	|68.354	|335	|5.52079
34.4656	|68.354	|145	|5.57193
34.4656	|68.354	|265	|5.57404
34.4656	|68.354	|70	|5.57892
34.4656	|68.354	|25	|5.59584
34.4656	|68.354	|160	|5.60528
34.4656	|68.354	|270	|5.6284
34.4656	|68.354	|35	|5.63433
(10 rows)

Time: 0.001291 seconds
'0.808077,0.815196,0.787557,-0.891617,0.594624,0.525513,0.688614,-0.0788728,0.169987'
	x	|	y	|	offset	|	score
---------+---------+--------+-----------
34.4656	|68.354	|20	|4.76835
34.4656	|68.354	|160	|4.87072
34.4656	|68.354	|100	|5.00139
34.4656	|68.354	|10	|5.05177
34.4656	|68.354	|65	|5.10459
34.4656	|68.354	|335	|5.12704
34.4656	|68.354	|85	|5.15202
34.4656	|68.354	|35	|5.18982
34.4656	|68.354	|275	|5.22115
34.4656	|68.354	|340	|5.25347
(10 rows)

Time: 0.001275 seconds
'0.267806,-0.0983928,-0.113557,0.950393,0.0546254,0.266615,0.00123,-0.407148,-0.3456'
	x	|	y	|	offset	|	score
---------+---------+--------+-----------
34.4656	|68.354	|95	|2.17862
34.4656	|68.354	|165	|2.23908
34.4656	|68.354	|50	|2.3243
34.4656	|68.354	|80	|2.39608
34.4656	|68.354	|355	|2.42186
34.4656	|68.354	|0	|2.4402
34.4656	|68.354	|120	|2.44206
34.4656	|68.354	|55	|2.46936
34.4656	|68.354	|345	|2.47597
34.4656	|68.354	|185	|2.47709
(10 rows)

Time: 0.001248 seconds
'-0.715765,-0.0689211,-0.893439,0.913691,-0.0893155,-0.925673,0.370926,0.35456,-0.747948'
	x	|	y	|	offset	|	score
---------+---------+--------+-----------
34.4656	|68.354	|110	|4.56302
34.4656	|68.354	|150	|4.70887
34.4656	|68.354	|40	|4.72281
34.4656	|68.354	|155	|4.75176
34.4656	|68.354	|330	|4.77366
34.4656	|68.354	|95	|4.79941
34.4656	|68.354	|345	|4.8167
34.4656	|68.354	|15	|4.82481
34.4656	|68.354	|105	|4.89378
34.4656	|68.354	|0	|4.91233
(10 rows)

Time: 0.001339 seconds
-----------------
Search: 11-D
-----------------
'0.243397,-0.682804,0.580036,-0.0744366,-0.874727,0.395231,-0.286879,-0.766344,-0.0101444,-0.761367,0.92227'
	x	|	y	|	offset	|	score
---------+---------+--------+-----------
34.4656	|68.354	|5	|5.39217
34.4656	|68.354	|35	|5.43015
34.4656	|68.354	|355	|5.48091
34.4656	|68.354	|125	|5.50915
34.4656	|68.354	|340	|5.51987
34.4656	|68.354	|315	|5.52624
34.4656	|68.354	|270	|5.53166
34.4656	|68.354	|45	|5.54313
34.4656	|68.354	|65	|5.54471
34.4656	|68.354	|350	|5.54472
(10 rows)

Time: 0.001339 seconds
'0.910983,0.408621,0.190076,-0.18741,-0.704936,0.140469,0.867215,0.561679,-0.858301,-0.539932,-0.783922'
	x	|	y	|	offset	|	score
---------+---------+--------+-----------
34.4656	|68.354	|15	|5.46026
34.4656	|68.354	|20	|5.75691
34.4656	|68.354	|335	|5.76545
34.4656	|68.354	|10	|5.90903
34.4656	|68.354	|145	|5.92912
34.4656	|68.354	|330	|5.96409
34.4656	|68.354	|70	|5.98344
34.4656	|68.354	|165	|5.98841
34.4656	|68.354	|125	|6.01177
34.4656	|68.354	|265	|6.02307
(10 rows)

Time: 0.0014 seconds
'-0.574066,0.391146,-0.67736,-0.660375,-0.698169,-0.603034,0.710551,0.656391,-0.350981,-0.0460518,0.973587'
	x	|	y	|	offset	|	score
---------+---------+--------+-----------
34.4656	|68.354	|20	|5.74841
34.4656	|68.354	|155	|5.84627
34.4656	|68.354	|15	|6.00559
34.4656	|68.354	|330	|6.03066
34.4656	|68.354	|60	|6.04617
34.4656	|68.354	|150	|6.06294
34.4656	|68.354	|40	|6.14399
34.4656	|68.354	|5	|6.1471
34.4656	|68.354	|110	|6.14934
34.4656	|68.354	|310	|6.1615
(10 rows)

Time: 0.001349 seconds
'-0.770945,0.879512,-0.90114,0.624286,-0.407368,-0.667484,-0.385858,-0.168734,-0.745214,-0.474875,-0.760114'
	x	|	y	|	offset	|	score
---------+---------+--------+-----------
34.4656	|68.354	|25	|6.30797
34.4656	|68.354	|110	|6.33202
34.4656	|68.354	|185	|6.43945
34.4656	|68.354	|120	|6.48283
34.4656	|68.354	|90	|6.51851
34.4656	|68.354	|15	|6.53506
34.4656	|68.354	|165	|6.53991
34.4656	|68.354	|155	|6.54142
34.4656	|68.354	|335	|6.54293
34.4656	|68.354	|145	|6.56466
(10 rows)

Time: 0.001539 seconds
'0.444862,0.337715,-0.46505,-0.414669,0.20493,-0.903371,-0.27297,0.664998,-0.687293,0.152964,0.056144'
	x	|	y	|	offset	|	score
---------+---------+--------+-----------
34.4656	|68.354	|30	|4.01421
34.4656	|68.354	|170	|4.17393
34.4656	|68.354	|130	|4.31831
34.4656	|68.354	|60	|4.31911
34.4656	|68.354	|350	|4.33601
34.4656	|68.354	|50	|4.35192
34.4656	|68.354	|275	|4.3705
34.4656	|68.354	|15	|4.39124
34.4656	|68.354	|100	|4.41786
34.4656	|68.354	|90	|4.44203
(10 rows)

Time: 0.001383 seconds
'-0.364654,0.49259,0.357975,0.0323129,0.203141,0.014366,0.681332,-0.842911,-0.0120469,0.910386,-0.9634'
	x	|	y	|	offset	|	score
---------+---------+--------+-----------
34.4656	|68.354	|155	|4.40113
34.4656	|68.354	|335	|4.53199
34.4656	|68.354	|25	|4.53289
34.4656	|68.354	|145	|4.58535
34.4656	|68.354	|330	|4.72203
34.4656	|68.354	|55	|4.72896
34.4656	|68.354	|270	|4.74214
34.4656	|68.354	|160	|4.76031
34.4656	|68.354	|135	|4.76521
34.4656	|68.354	|100	|4.76999
(10 rows)

Time: 0.001357 seconds
'0.086813,0.534672,-0.370767,0.419329,-0.851186,0.460498,0.674115,-0.326061,0.700384,0.118977,-0.988347'
	x	|	y	|	offset	|	score
---------+---------+--------+-----------
34.4656	|68.354	|25	|4.93936
34.4656	|68.354	|15	|5.12586
34.4656	|68.354	|145	|5.25114
34.4656	|68.354	|85	|5.25947
34.4656	|68.354	|70	|5.26882
34.4656	|68.354	|345	|5.27465
34.4656	|68.354	|10	|5.281
34.4656	|68.354	|180	|5.29675
34.4656	|68.354	|125	|5.29918
34.4656	|68.354	|165	|5.31742
(10 rows)

Time: 0.001335 seconds
'-0.764666,0.704308,0.216583,-0.668037,-0.568662,-0.118419,-0.35533,0.584302,0.937725,0.280016,0.076892'
	x	|	y	|	offset	|	score
---------+---------+--------+-----------
34.4656	|68.354	|115	|4.61414
34.4656	|68.354	|155	|4.86422
34.4656	|68.354	|175	|4.97049
34.4656	|68.354	|25	|5.01058
34.4656	|68.354	|60	|5.02112
34.4656	|68.354	|75	|5.07037
34.4656	|68.354	|170	|5.12076
34.4656	|68.354	|160	|5.12362
34.4656	|68.354	|130	|5.13283
34.4656	|68.354	|315	|5.13402
(10 rows)

Time: 0.001331 seconds
'0.2957,-0.687671,-0.719967,-0.689934,0.993661,-0.562878,0.298019,0.904047,-0.526278,-0.615168,0.438719'
	x	|	y	|	offset	|	score
---------+---------+--------+-----------
34.4656	|68.354	|30	|6.13631
34.4656	|68.354	|150	|6.13893
34.4656	|68.354	|20	|6.14905
34.4656	|68.354	|40	|6.33917
34.4656	|68.354	|170	|6.4158
34.4656	|68.354	|275	|6.44657
34.4656	|68.354	|330	|6.52465
34.4656	|68.354	|140	|6.52932
34.4656	|68.354	|355	|6.54897
34.4656	|68.354	|5	|6.58877
(10 rows)

Time: 0.001361 seconds
'0.102955,0.804161,0.587533,-0.436547,0.478276,-0.738528,-0.736163,-0.402747,-0.726875,-0.500829,-0.698439'
	x	|	y	|	offset	|	score
---------+---------+--------+-----------
34.4656	|68.354	|100	|5.59076
34.4656	|68.354	|335	|5.83786
34.4656	|68.354	|160	|5.89941
34.4656	|68.354	|170	|5.93099
34.4656	|68.354	|350	|5.94465
34.4656	|68.354	|145	|5.95192
34.4656	|68.354	|20	|5.97065
34.4656	|68.354	|35	|5.98433
34.4656	|68.354	|340	|6.02784
34.4656	|68.354	|105	|6.05102
(10 rows)

Time: 0.001335 seconds
'0.489709,-0.168866,-0.2671,-0.62871,0.475804,-0.682798,-0.690985,-0.24418,0.394094,0.604715,0.0681485'
	x	|	y	|	offset	|	score
---------+---------+--------+-----------
34.4656	|68.354	|30	|4.06494
34.4656	|68.354	|90	|4.23966
34.4656	|68.354	|100	|4.36994
34.4656	|68.354	|50	|4.40899
34.4656	|68.354	|160	|4.41439
34.4656	|68.354	|275	|4.4309
34.4656	|68.354	|170	|4.44349
34.4656	|68.354	|350	|4.47646
34.4656	|68.354	|85	|4.49012
34.4656	|68.354	|150	|4.49329
(10 rows)

Time: 0.001321 seconds
'0.674127,0.914781,0.0618091,-0.888751,0.212801,-0.034144,-0.415029,0.597633,-0.595425,0.687925,0.401794'
	x	|	y	|	offset	|	score
---------+---------+--------+-----------
34.4656	|68.354	|160	|5.15508
34.4656	|68.354	|170	|5.17217
34.4656	|68.354	|130	|5.22527
34.4656	|68.354	|100	|5.22834
34.4656	|68.354	|60	|5.23026
34.4656	|68.354	|30	|5.23341
34.4656	|68.354	|350	|5.27766
34.4656	|68.354	|155	|5.284
34.4656	|68.354	|335	|5.30265
34.4656	|68.354	|15	|5.31816
(10 rows)

Time: 0.001397 seconds
'0.992108,-0.748622,-0.11993,-0.74642,-0.484785,0.477324,-0.473294,0.0143864,0.778885,-0.983586,0.84552'
	x	|	y	|	offset	|	score
---------+---------+--------+-----------
34.4656	|68.354	|30	|6.37758
34.4656	|68.354	|355	|6.40165
34.4656	|68.354	|40	|6.42434
34.4656	|68.354	|175	|6.50067
34.4656	|68.354	|5	|6.50785
34.4656	|68.354	|125	|6.50795
34.4656	|68.354	|115	|6.56884
34.4656	|68.354	|10	|6.58967
34.4656	|68.354	|340	|6.59668
34.4656	|68.354	|265	|6.59855
(10 rows)

Time: 0.001268 seconds
'-0.488215,-0.612296,0.321324,-0.171013,-0.303281,-0.922856,-0.776919,-0.698566,0.145292,0.897207,-0.783784'
	x	|	y	|	offset	|	score
---------+---------+--------+-----------
34.4656	|68.354	|145	|5.65583
34.4656	|68.354	|115	|5.68889
34.4656	|68.354	|175	|5.72938
34.4656	|68.354	|35	|5.7518
34.4656	|68.354	|45	|5.75527
34.4656	|68.354	|125	|5.79509
34.4656	|68.354	|105	|5.79949
34.4656	|68.354	|180	|5.80015
34.4656	|68.354	|270	|5.89993
34.4656	|68.354	|85	|5.93958
(10 rows)

Time: 0.001511 seconds
'-0.792899,-0.991544,0.429016,0.172957,-0.406573,0.0266489,0.577532,-0.718648,-0.571557,0.569641,-0.46727'
	x	|	y	|	offset	|	score
---------+---------+--------+-----------
34.4656	|68.354	|95	|5.1797
34.4656	|68.354	|155	|5.32206
34.4656	|68.354	|270	|5.32266
34.4656	|68.354	|145	|5.38546
34.4656	|68.354	|45	|5.39921
34.4656	|68.354	|180	|5.40542
34.4656	|68.354	|345	|5.42231
34.4656	|68.354	|15	|5.48674
34.4656	|68.354	|25	|5.51259
34.4656	|68.354	|80	|5.51775
(10 rows)

Time: 0.001365 seconds
'0.308513,0.823221,0.0479456,-0.214164,-0.650073,-0.937668,-0.435279,-0.633659,0.907853,0.0765059,-0.245955'
	x	|	y	|	offset	|	score
---------+---------+--------+-----------
34.4656	|68.354	|145	|4.80605
34.4656	|68.354	|125	|4.97202
34.4656	|68.354	|115	|4.97394
34.4656	|68.354	|25	|4.9882
34.4656	|68.354	|100	|5.00111
34.4656	|68.354	|170	|5.01396
34.4656	|68.354	|90	|5.02663
34.4656	|68.354	|335	|5.07704
34.4656	|68.354	|340	|5.10035
34.4656	|68.354	|160	|5.1038
(10 rows)

Time: 0.001281 seconds
'0.229177,0.905492,0.450764,0.30632,-0.871427,0.752199,-0.548388,-0.97422,0.968415,-0.341286,-0.965764'
	x	|	y	|	offset	|	score
---------+---------+--------+-----------
34.4656	|68.354	|35	|6.65487
34.4656	|68.354	|25	|6.82776
34.4656	|68.354	|115	|6.99429
34.4656	|68.354	|335	|7.01674
34.4656	|68.354	|145	|7.03083
34.4656	|68.354	|90	|7.03401
34.4656	|68.354	|120	|7.06127
34.4656	|68.354	|70	|7.11869
34.4656	|68.354	|45	|7.1197
34.4656	|68.354	|180	|7.12962
(10 rows)

Time: 0.001343 seconds
'0.397431,0.831671,-0.372337,-0.57592,0.409203,-0.0909848,-0.147478,-0.0211559,0.441746,-0.838965,-0.197935'
	x	|	y	|	offset	|	score
---------+---------+--------+-----------
34.4656	|68.354	|100	|3.66673
34.4656	|68.354	|30	|3.99295
34.4656	|68.354	|350	|4.01145
34.4656	|68.354	|175	|4.05661
34.4656	|68.354	|275	|4.08094
34.4656	|68.354	|90	|4.08282
34.4656	|68.354	|340	|4.10689
34.4656	|68.354	|50	|4.12833
34.4656	|68.354	|70	|4.1528
34.4656	|68.354	|20	|4.15302
(10 rows)

Time: 0.001376 seconds
'-0.510309,-0.0531284,0.151992,-0.447977,0.511593,0.518332,-0.540124,-0.411901,-0.727622,0.689053,-0.506409'
	x	|	y	|	offset	|	score
---------+---------+--------+-----------
34.4656	|68.354	|100	|4.53731
34.4656	|68.354	|145	|4.66901
34.4656	|68.354	|45	|4.67701
34.4656	|68.354	|35	|4.74079
34.4656	|68.354	|175	|4.76337
34.4656	|68.354	|135	|4.79652
34.4656	|68.354	|270	|4.79689
34.4656	|68.354	|25	|4.80704
34.4656	|68.354	|80	|4.81848
34.4656	|68.354	|65	|4.83321
(10 rows)

Time: 0.001301 seconds
'0.723142,-0.00462693,-0.377836,0.475341,0.446986,-0.352055,0.443756,-0.894301,-0.317819,-0.158813,0.93737'
	x	|	y	|	offset	|	score
---------+---------+--------+-----------
34.4656	|68.354	|150	|4.77716
34.4656	|68.354	|40	|4.86474
34.4656	|68.354	|20	|4.89772
34.4656	|68.354	|50	|4.93767
34.4656	|68.354	|30	|4.99616
34.4656	|68.354	|10	|4.99879
34.4656	|68.354	|105	|5.00441
34.4656	|68.354	|340	|5.01571
34.4656	|68.354	|80	|5.02889
34.4656	|68.354	|275	|5.03
(10 rows)

Time: 0.001366 seconds
'0.309844,0.265266,0.346574,-0.781141,-0.882211,-0.674582,0.660605,-0.721176,0.127483,-0.849704,0.225695'
	x	|	y	|	offset	|	score
---------+---------+--------+-----------
34.4656	|68.354	|20	|4.88086
34.4656	|68.354	|115	|5.30571
34.4656	|68.354	|160	|5.47836
34.4656	|68.354	|340	|5.4988
34.4656	|68.354	|180	|5.6045
34.4656	|68.354	|150	|5.62974
34.4656	|68.354	|5	|5.64046
34.4656	|68.354	|10	|5.65149
34.4656	|68.354	|335	|5.69984
34.4656	|68.354	|170	|5.71196
(10 rows)

Time: 0.001342 seconds
'-0.720526,-0.29768,-0.262712,0.797807,0.162196,0.325387,-0.929815,-0.148751,0.818979,0.793327,0.846622'
	x	|	y	|	offset	|	score
---------+---------+--------+-----------
34.4656	|68.354	|95	|5.53939
34.4656	|68.354	|90	|5.60408
34.4656	|68.354	|45	|5.73928
34.4656	|68.354	|30	|5.75806
34.4656	|68.354	|345	|5.8453
34.4656	|68.354	|135	|5.86321
34.4656	|68.354	|25	|5.87948
34.4656	|68.354	|350	|5.89117
34.4656	|68.354	|185	|5.91831
34.4656	|68.354	|175	|5.9383
(10 rows)

Time: 0.001305 seconds
'-0.558857,0.268668,0.293607,0.0890876,-0.287577,0.399307,0.771269,0.55361,0.336677,0.0811126,-0.181124'
	x	|	y	|	offset	|	score
---------+---------+--------+-----------
34.4656	|68.354	|115	|3.29142
34.4656	|68.354	|155	|3.32592
34.4656	|68.354	|45	|3.39691
34.4656	|68.354	|25	|3.49369
34.4656	|68.354	|330	|3.50321
34.4656	|68.354	|15	|3.51273
34.4656	|68.354	|335	|3.52846
34.4656	|68.354	|110	|3.56748
34.4656	|68.354	|125	|3.60621
34.4656	|68.354	|145	|3.6239
(10 rows)

Time: 0.001542 seconds
'-0.316749,0.299972,-0.0633352,0.00866866,-0.0394233,0.215489,-0.863848,0.110873,-0.558816,-0.584374,0.813192'
	x	|	y	|	offset	|	score
---------+---------+--------+-----------
34.4656	|68.354	|110	|3.51837
34.4656	|68.354	|155	|3.5264
34.4656	|68.354	|60	|3.62488
34.4656	|68.354	|120	|3.63971
34.4656	|68.354	|25	|3.65081
34.4656	|68.354	|265	|3.70252
34.4656	|68.354	|0	|3.76901
34.4656	|68.354	|165	|3.77674
34.4656	|68.354	|335	|3.78052
34.4656	|68.354	|310	|3.78097
(10 rows)

Time: 0.001385 seconds
'0.178473,-0.786567,-0.0246118,-0.49614,-0.716382,0.826637,-0.677161,-0.923056,0.673258,-0.236019,0.345612'
	x	|	y	|	offset	|	score
---------+---------+--------+-----------
34.4656	|68.354	|355	|5.64015
34.4656	|68.354	|5	|5.67581
34.4656	|68.354	|340	|5.67675
34.4656	|68.354	|90	|5.69511
34.4656	|68.354	|175	|5.7485
34.4656	|68.354	|65	|5.75243
34.4656	|68.354	|125	|5.75578
34.4656	|68.354	|160	|5.75762
34.4656	|68.354	|10	|5.76294
34.4656	|68.354	|40	|5.76491
(10 rows)

Time: 0.001344 seconds
'-0.0331346,0.853069,-0.941965,-0.633828,0.624338,0.611645,0.702849,-0.29455,-0.569479,-0.6139,-0.994578'
	x	|	y	|	offset	|	score
---------+---------+--------+-----------
34.4656	|68.354	|20	|6.50636
34.4656	|68.354	|10	|6.52813
34.4656	|68.354	|165	|6.56726
34.4656	|68.354	|15	|6.59865
34.4656	|68.354	|335	|6.60309
34.4656	|68.354	|65	|6.60383
34.4656	|68.354	|100	|6.60773
34.4656	|68.354	|55	|6.63205
34.4656	|68.354	|160	|6.63772
34.4656	|68.354	|275	|6.67146
(10 rows)

Time: 0.00138 seconds
'0.367186,0.394768,-0.0340011,-0.417325,0.53092,-0.923128,0.0238589,0.946546,0.890064,-0.797669,-0.840021'
	x	|	y	|	offset	|	score
---------+---------+--------+-----------
34.4656	|68.354	|100	|5.59904
34.4656	|68.354	|150	|5.90027
34.4656	|68.354	|20	|5.93879
34.4656	|68.354	|275	|5.95432
34.4656	|68.354	|70	|5.96792
34.4656	|68.354	|105	|5.98239
34.4656	|68.354	|110	|5.99794
34.4656	|68.354	|340	|5.99847
34.4656	|68.354	|175	|6.01394
34.4656	|68.354	|265	|6.02226
(10 rows)

Time: 0.001349 seconds
'-0.134547,-0.293809,-0.556403,-0.307911,0.0290298,-0.479459,-0.634652,0.793011,0.866153,0.332213,0.64608'
	x	|	y	|	offset	|	score
---------+---------+--------+-----------
34.4656	|68.354	|30	|4.6458
34.4656	|68.354	|175	|4.68256
34.4656	|68.354	|40	|4.7381
34.4656	|68.354	|95	|4.73855
34.4656	|68.354	|105	|4.86398
34.4656	|68.354	|90	|4.8647
34.4656	|68.354	|150	|4.89073
34.4656	|68.354	|75	|4.9094
34.4656	|68.354	|130	|4.91915
34.4656	|68.354	|135	|4.92477
(10 rows)

Time: 0.001293 seconds
'0.924189,0.698385,0.270418,0.535834,0.401234,0.975868,0.966356,0.787333,0.98129,0.333542,0.182102'
	x	|	y	|	offset	|	score
---------+---------+--------+-----------
34.4656	|68.354	|330	|6.8279
34.4656	|68.354	|20	|6.82914
34.4656	|68.354	|30	|6.87303
34.4656	|68.354	|160	|6.87825
34.4656	|68.354	|10	|6.89423
34.4656	|68.354	|335	|6.90077
34.4656	|68.354	|15	|6.91177
34.4656	|68.354	|130	|6.9171
34.4656	|68.354	|180	|6.92191
34.4656	|68.354	|115	|6.92334
(10 rows)

Time: 0.001289 seconds
'-0.0527107,0.916216,-0.286978,0.0241611,-0.0599247,-0.340432,-0.0857746,0.142407,-0.180453,0.779678,0.848598'
	x	|	y	|	offset	|	score
---------+---------+--------+-----------
34.4656	|68.354	|60	|3.24933
34.4656	|68.354	|40	|3.43106
34.4656	|68.354	|155	|3.4644
34.4656	|68.354	|95	|3.50086
34.4656	|68.354	|345	|3.52484
34.4656	|68.354	|25	|3.52495
34.4656	|68.354	|15	|3.53081
34.4656	|68.354	|170	|3.55068
34.4656	|68.354	|130	|3.57612
34.4656	|68.354	|270	|3.59696
(10 rows)

Time: 0.001309 seconds
-----------------
Search: 17-D
-----------------
'0.263144,-0.528233,-0.122372,0.783685,-0.162885,-0.329361,0.649838,-0.830672,-0.68328,0.574027,0.867713,0.587138,0.109861,0.268947,0.563006,0.0762167,0.05628'
	x	|	y	|	offset	|	score
---------+---------+--------+-----------
34.4656	|68.354	|40	|7.05183
34.4656	|68.354	|150	|7.06477
34.4656	|68.354	|180	|7.07735
34.4656	|68.354	|95	|7.07791
34.4656	|68.354	|15	|7.10638
34.4656	|68.354	|325	|7.10657
34.4656	|68.354	|170	|7.21151
34.4656	|68.354	|270	|7.25812
34.4656	|68.354	|60	|7.26661
34.4656	|68.354	|50	|7.26756
(10 rows)

Time: 0.001341 seconds
'0.544296,-0.590242,-0.761618,-0.508414,-0.674025,-0.0485966,0.515747,0.26605,0.610971,-0.570028,-0.591543,-0.569482,-0.79035,-0.742945,0.693661,-0.318583,0.134683'
	x	|	y	|	offset	|	score
---------+---------+--------+-----------
34.4656	|68.354	|140	|8.30345
34.4656	|68.354	|20	|8.38894
34.4656	|68.354	|265	|8.52022
34.4656	|68.354	|30	|8.52144
34.4656	|68.354	|10	|8.56592
34.4656	|68.354	|125	|8.58458
34.4656	|68.354	|355	|8.58842
34.4656	|68.354	|85	|8.60035
34.4656	|68.354	|330	|8.60705
34.4656	|68.354	|55	|8.68136
(10 rows)

Time: 0.001313 seconds
'0.477346,0.518532,0.805322,0.127184,0.68786,-0.877959,-0.298789,0.555572,0.709179,0.811073,-0.175481,0.272185,-0.112711,0.880799,-0.183519,0.297048,-0.880819'
	x	|	y	|	offset	|	score
---------+---------+--------+-----------
34.4656	|68.354	|15	|7.97604
34.4656	|68.354	|100	|8.02317
34.4656	|68.354	|50	|8.24148
34.4656	|68.354	|335	|8.24694
34.4656	|68.354	|175	|8.27872
34.4656	|68.354	|35	|8.34283
34.4656	|68.354	|130	|8.35169
34.4656	|68.354	|145	|8.35526
34.4656	|68.354	|105	|8.41773
34.4656	|68.354	|350	|8.42679
(10 rows)

Time: 0.001317 seconds
'0.308067,0.623022,0.0705838,-0.176186,-0.110928,-0.318445,0.253786,0.297529,0.112073,0.463436,0.554584,-0.194266,-0.855146,-0.310733,-0.71692,0.663386,-0.505411'
	x	|	y	|	offset	|	score
---------+---------+--------+-----------
34.4656	|68.354	|20	|5.5766
34.4656	|68.354	|115	|6.07177
34.4656	|68.354	|155	|6.26298
34.4656	|68.354	|15	|6.26571
34.4656	|68.354	|75	|6.27658
34.4656	|68.354	|85	|6.3042
34.4656	|68.354	|125	|6.3118
34.4656	|68.354	|330	|6.31503
34.4656	|68.354	|150	|6.32518
34.4656	|68.354	|160	|6.34982
(10 rows)

Time: 0.001337 seconds
'0.410264,0.351245,-0.38337,-0.888524,-0.0931824,-0.674191,0.922548,0.731336,0.597994,-0.190162,0.612135,-0.585525,-0.893115,0.731316,0.722542,0.729908,-0.1981'
	x	|	y	|	offset	|	score
---------+---------+--------+-----------
34.4656	|68.354	|20	|8.4477
34.4656	|68.354	|40	|9.15712
34.4656	|68.354	|85	|9.20433
34.4656	|68.354	|340	|9.27468
34.4656	|68.354	|30	|9.32
34.4656	|68.354	|110	|9.34083
34.4656	|68.354	|265	|9.41314
34.4656	|68.354	|70	|9.50086
34.4656	|68.354	|150	|9.53172
34.4656	|68.354	|60	|9.56456
(10 rows)

Time: 0.001316 seconds
'-0.453644,-0.38102,0.483454,0.800142,0.916509,-0.404473,0.263579,0.471093,0.401261,0.408432,-0.83964,0.684341,0.0718178,-0.345052,0.0946051,-0.576937,0.271578'
	x	|	y	|	offset	|	score
---------+---------+--------+-----------
34.4656	|68.354	|150	|6.92347
34.4656	|68.354	|10	|7.16159
34.4656	|68.354	|95	|7.33325
34.4656	|68.354	|180	|7.36225
34.4656	|68.354	|140	|7.37408
34.4656	|68.354	|145	|7.38436
34.4656	|68.354	|330	|7.43178
34.4656	|68.354	|100	|7.50464
34.4656	|68.354	|105	|7.5056
34.4656	|68.354	|325	|7.5603
(10 rows)

Time: 0.001313 seconds
'0.206081,0.329881,0.597387,0.128629,0.0612171,0.195381,0.938467,-0.326648,0.609856,-0.954648,-0.595332,0.332399,0.77526,0.206568,0.878755,-0.60576,-0.309978'
	x	|	y	|	offset	|	score
---------+---------+--------+-----------
34.4656	|68.354	|120	|7.62472
34.4656	|68.354	|35	|7.65375
34.4656	|68.354	|90	|7.71176
34.4656	|68.354	|65	|7.75486
34.4656	|68.354	|10	|7.77985
34.4656	|68.354	|80	|7.80475
34.4656	|68.354	|25	|7.8138
34.4656	|68.354	|145	|7.81771
34.4656	|68.354	|15	|7.83203
34.4656	|68.354	|340	|7.83687
(10 rows)

Time: 0.001332 seconds
'0.678897,-0.689251,0.285549,-0.0575246,0.781842,-0.313191,-0.649092,0.942201,-0.62885,0.422725,-0.40285,0.465755,0.845788,0.868728,-0.328164,0.175669,0.466116'
	x	|	y	|	offset	|	score
---------+---------+--------+-----------
34.4656	|68.354	|100	|8.25953
34.4656	|68.354	|145	|8.29215
34.4656	|68.354	|170	|8.32623
34.4656	|68.354	|105	|8.48082
34.4656	|68.354	|15	|8.5011
34.4656	|68.354	|325	|8.66446
34.4656	|68.354	|35	|8.69356
34.4656	|68.354	|5	|8.72824
34.4656	|68.354	|130	|8.73868
34.4656	|68.354	|320	|8.76105
(10 rows)

Time: 0.001316 seconds
'0.800465,-0.763114,-0.338503,0.738932,-0.0897617,-0.728647,0.784284,0.314906,0.603752,0.559544,-0.478526,0.482507,0.953783,0.211496,0.161404,-0.735468,-0.502956'
	x	|	y	|	offset	|	score
---------+---------+--------+-----------
34.4656	|68.354	|95	|8.52013
34.4656	|68.354	|180	|8.67863
34.4656	|68.354	|40	|8.70692
34.4656	|68.354	|150	|8.72503
34.4656	|68.354	|50	|8.84914
34.4656	|68.354	|125	|8.8556
34.4656	|68.354	|145	|8.85675
34.4656	|68.354	|30	|8.89069
34.4656	|68.354	|70	|8.91423
34.4656	|68.354	|15	|8.93791
(10 rows)

Time: 0.001326 seconds
'-0.896121,-0.953627,0.183854,-0.545213,0.988575,0.555004,0.877512,-0.414276,0.020759,0.7233,-0.545547,0.692595,-0.101031,0.920568,0.49306,0.135855,-0.417935'
	x	|	y	|	offset	|	score
---------+---------+--------+-----------
34.4656	|68.354	|80	|9.04593
34.4656	|68.354	|100	|9.07239
34.4656	|68.354	|45	|9.08019
34.4656	|68.354	|155	|9.08389
34.4656	|68.354	|175	|9.10082
34.4656	|68.354	|65	|9.16153
34.4656	|68.354	|145	|9.16483
34.4656	|68.354	|85	|9.17161
34.4656	|68.354	|35	|9.24743
34.4656	|68.354	|340	|9.2558
(10 rows)

Time: 0.001354 seconds
'0.231992,-0.953906,-0.146581,0.0162764,0.361,-0.542829,-0.42418,0.882474,0.939677,-0.470397,0.0939693,0.101081,-0.205865,0.591014,0.20496,-0.159492,-0.225133'
	x	|	y	|	offset	|	score
---------+---------+--------+-----------
34.4656	|68.354	|30	|5.61309
34.4656	|68.354	|40	|5.78698
34.4656	|68.354	|175	|6.10561
34.4656	|68.354	|90	|6.15579
34.4656	|68.354	|50	|6.18898
34.4656	|68.354	|340	|6.21551
34.4656	|68.354	|80	|6.268
34.4656	|68.354	|150	|6.27075
34.4656	|68.354	|265	|6.29471
34.4656	|68.354	|110	|6.30572
(10 rows)

Time: 0.001338 seconds
'0.659747,-0.170917,-0.670129,0.537259,0.414807,0.35063,0.260559,0.86926,0.0432252,-0.840472,0.789828,-0.463715,0.295384,-0.628107,0.768278,0.341477,0.225312'
	x	|	y	|	offset	|	score
---------+---------+--------+-----------
34.4656	|68.354	|10	|7.68773
34.4656	|68.354	|55	|7.87934
34.4656	|68.354	|265	|7.94556
34.4656	|68.354	|150	|7.95044
34.4656	|68.354	|355	|8.00983
34.4656	|68.354	|30	|8.05949
34.4656	|68.354	|140	|8.08985
34.4656	|68.354	|165	|8.10429
34.4656	|68.354	|330	|8.15439
34.4656	|68.354	|0	|8.17443
(10 rows)

Time: 0.001334 seconds
'-0.215446,-0.297523,0.682483,0.360374,-0.415049,0.62216,0.889977,0.67892,-0.276759,-0.315888,0.269934,0.928201,0.52462,-0.955199,0.587948,-0.646297,-0.625328'
	x	|	y	|	offset	|	score
---------+---------+--------+-----------
34.4656	|68.354	|120	|8.74927
34.4656	|68.354	|10	|8.7849
34.4656	|68.354	|110	|8.82748
34.4656	|68.354	|330	|8.85807
34.4656	|68.354	|265	|8.99474
34.4656	|68.354	|80	|9.02699
34.4656	|68.354	|150	|9.03625
34.4656	|68.354	|140	|9.04443
34.4656	|68.354	|65	|9.07699
34.4656	|68.354	|165	|9.08436
(10 rows)

Time: 0.001339 seconds
'0.125207,0.768511,0.725302,-0.614234,0.637771,-0.231472,-0.454706,0.427599,0.304813,0.840677,0.799492,0.0730904,0.182155,0.0248036,0.857644,0.884632,-0.292714'
	x	|	y	|	offset	|	score
---------+---------+--------+-----------
34.4656	|68.354	|90	|7.79724
34.4656	|68.354	|340	|7.92868
34.4656	|68.354	|130	|7.93145
34.4656	|68.354	|150	|7.93317
34.4656	|68.354	|100	|7.97299
34.4656	|68.354	|20	|7.99113
34.4656	|68.354	|160	|8.00837
34.4656	|68.354	|350	|8.076
34.4656	|68.354	|60	|8.07685
34.4656	|68.354	|275	|8.10708
(10 rows)

Time: 0.001333 seconds
'0.218018,-0.530417,-0.670554,0.107995,-0.851497,0.0526873,0.792107,0.418437,-0.0191116,0.316728,0.463238,-0.431164,0.670431,0.83791,0.694043,0.438941,0.563213'
	x	|	y	|	offset	|	score
---------+---------+--------+-----------
34.4656	|68.354	|95	|7.56425
34.4656	|68.354	|345	|7.69826
34.4656	|68.354	|125	|7.74303
34.4656	|68.354	|40	|7.84187
34.4656	|68.354	|170	|7.851
34.4656	|68.354	|0	|7.86169
34.4656	|68.354	|70	|7.87979
34.4656	|68.354	|85	|7.93564
34.4656	|68.354	|30	|7.93863
34.4656	|68.354	|320	|7.9462
(10 rows)

Time: 0.001311 seconds
'-0.920191,0.076712,-0.66826,-0.374898,-0.495689,0.636553,-0.53422,-0.696198,-0.290356,0.647934,0.328606,-0.432712,0.532566,-0.964108,0.785306,-0.997851,-0.634662'
	x	|	y	|	offset	|	score
---------+---------+--------+-----------
34.4656	|68.354	|25	|9.15985
34.4656	|68.354	|90	|9.36901
34.4656	|68.354	|160	|9.50709
34.4656	|68.354	|95	|9.52822
34.4656	|68.354	|345	|9.62622
34.4656	|68.354	|165	|9.66062
34.4656	|68.354	|270	|9.79153
34.4656	|68.354	|80	|9.81299
34.4656	|68.354	|65	|9.85725
34.4656	|68.354	|125	|9.86183
(10 rows)

Time: 0.001331 seconds
'-0.106699,-0.849348,0.418026,-0.314591,0.569089,-0.601086,-0.997864,0.0323269,-0.0322494,0.672567,-0.129763,-0.338206,0.111509,-0.56655,-0.258398,-0.811779,-0.23481'
	x	|	y	|	offset	|	score
---------+---------+--------+-----------
34.4656	|68.354	|105	|6.5309
34.4656	|68.354	|100	|6.57186
34.4656	|68.354	|135	|6.57298
34.4656	|68.354	|95	|6.57957
34.4656	|68.354	|170	|6.68847
34.4656	|68.354	|160	|6.71713
34.4656	|68.354	|130	|6.79652
34.4656	|68.354	|150	|6.8071
34.4656	|68.354	|75	|6.87706
34.4656	|68.354	|275	|6.89086
(10 rows)

Time: 0.001327 seconds
'0.366704,-0.307469,-0.598257,0.832484,-0.00366634,0.111387,0.480419,-0.67506,0.678675,0.0129849,-0.639168,0.463981,0.015134,-0.27383,-0.642718,0.165786,-0.855804'
	x	|	y	|	offset	|	score
---------+---------+--------+-----------
34.4656	|68.354	|15	|6.70261
34.4656	|68.354	|165	|6.74428
34.4656	|68.354	|180	|6.7695
34.4656	|68.354	|35	|6.81772
34.4656	|68.354	|355	|6.85535
34.4656	|68.354	|50	|6.90418
34.4656	|68.354	|10	|6.97629
34.4656	|68.354	|55	|6.99579
34.4656	|68.354	|325	|7.04182
34.4656	|68.354	|330	|7.05964
(10 rows)

Time: 0.001316 seconds
'0.0426909,-0.265125,-0.45689,0.0448272,0.767202,0.510861,-0.282605,-0.362561,-0.827345,0.828903,0.070889,-0.0857432,-0.982876,0.836079,-0.719039,-0.290345,-0.762177'
	x	|	y	|	offset	|	score
---------+---------+--------+-----------
34.4656	|68.354	|30	|7.30772
34.4656	|68.354	|95	|7.31668
34.4656	|68.354	|80	|7.73503
34.4656	|68.354	|350	|7.78391
34.4656	|68.354	|50	|7.90057
34.4656	|68.354	|345	|7.92435
34.4656	|68.354	|25	|7.94525
34.4656	|68.354	|270	|7.9613
34.4656	|68.354	|135	|7.97721
34.4656	|68.354	|165	|7.98091
(10 rows)

Time: 0.001339 seconds
'-0.886554,0.705989,0.34921,0.593864,-0.969071,0.0278842,-0.393151,-0.608239,-0.508135,0.621983,0.117931,-0.150853,-0.212231,0.262128,0.891838,0.522644,0.805238'
	x	|	y	|	offset	|	score
---------+---------+--------+-----------
34.4656	|68.354	|25	|7.74678
34.4656	|68.354	|155	|7.80475
34.4656	|68.354	|270	|8.18588
34.4656	|68.354	|0	|8.21114
34.4656	|68.354	|345	|8.21784
34.4656	|68.354	|335	|8.24309
34.4656	|68.354	|45	|8.27588
34.4656	|68.354	|185	|8.37774
34.4656	|68.354	|60	|8.39199
34.4656	|68.354	|85	|8.39908
(10 rows)

Time: 0.00131 seconds
'-0.0633345,0.289846,0.316099,0.65406,0.927285,0.488754,0.482963,-0.00182635,-0.59699,0.500087,-0.165747,-0.316028,-0.790257,0.0720755,-0.202583,0.915732,-0.578715'
	x	|	y	|	offset	|	score
---------+---------+--------+-----------
34.4656	|68.354	|155	|6.71933
34.4656	|68.354	|335	|6.77966
34.4656	|68.354	|15	|6.82151
34.4656	|68.354	|25	|7.00278
34.4656	|68.354	|80	|7.08812
34.4656	|68.354	|185	|7.11897
34.4656	|68.354	|345	|7.12151
34.4656	|68.354	|35	|7.1475
34.4656	|68.354	|100	|7.14838
34.4656	|68.354	|85	|7.17533
(10 rows)

Time: 0.001323 seconds
'-0.608719,0.946661,0.449169,-0.00186956,-0.661578,0.941034,-0.379887,0.456353,-0.209818,0.407882,-0.28152,-0.31798,-0.0694736,-0.476282,0.618685,-0.779628,0.839817'
	x	|	y	|	offset	|	score
---------+---------+--------+-----------
34.4656	|68.354	|155	|7.94402
34.4656	|68.354	|140	|7.94982
34.4656	|68.354	|45	|7.99592
34.4656	|68.354	|95	|8.08948
34.4656	|68.354	|145	|8.09265
34.4656	|68.354	|25	|8.11757
34.4656	|68.354	|335	|8.1178
34.4656	|68.354	|270	|8.13138
34.4656	|68.354	|265	|8.18229
34.4656	|68.354	|320	|8.20576
(10 rows)

Time: 0.001354 seconds
'0.272745,-0.852343,0.328571,-0.244291,0.14583,0.731581,-0.744204,0.980083,-0.584447,-0.534461,0.0521587,0.21297,-0.618729,0.473444,0.604251,-0.672068,-0.077387'
	x	|	y	|	offset	|	score
---------+---------+--------+-----------
34.4656	|68.354	|30	|7.54089
34.4656	|68.354	|175	|7.64562
34.4656	|68.354	|120	|7.77625
34.4656	|68.354	|80	|7.83091
34.4656	|68.354	|140	|7.84407
34.4656	|68.354	|265	|7.88691
34.4656	|68.354	|275	|7.93944
34.4656	|68.354	|350	|7.95155
34.4656	|68.354	|20	|7.98995
34.4656	|68.354	|40	|7.99433
(10 rows)

Time: 0.001383 seconds
'-0.397618,-0.333646,-0.136353,0.222495,-0.877294,0.653829,-0.369622,-0.158813,-0.664151,0.560904,0.364905,0.954534,0.781276,0.204723,0.22728,0.928933,-0.466706'
	x	|	y	|	offset	|	score
---------+---------+--------+-----------
34.4656	|68.354	|25	|7.45141
34.4656	|68.354	|95	|7.73266
34.4656	|68.354	|80	|7.88502
34.4656	|68.354	|90	|7.91311
34.4656	|68.354	|120	|7.95819
34.4656	|68.354	|155	|8.03333
34.4656	|68.354	|345	|8.03827
34.4656	|68.354	|270	|8.04344
34.4656	|68.354	|165	|8.06271
34.4656	|68.354	|325	|8.07334
(10 rows)

Time: 0.001358 seconds
'0.982988,0.0747631,-0.735125,-0.761215,0.0548463,-0.319572,-0.295676,-0.892995,0.893398,0.0855947,0.580449,0.497649,0.413527,-0.496938,-0.899969,-0.92012,0.366709'
	x	|	y	|	offset	|	score
---------+---------+--------+-----------
34.4656	|68.354	|160	|8.70567
34.4656	|68.354	|105	|8.74428
34.4656	|68.354	|5	|8.82004
34.4656	|68.354	|10	|8.82635
34.4656	|68.354	|50	|8.85023
34.4656	|68.354	|90	|8.872
34.4656	|68.354	|325	|8.9689
34.4656	|68.354	|30	|8.99569
34.4656	|68.354	|350	|9.01149
34.4656	|68.354	|170	|9.01627
(10 rows)

Time: 0.001335 seconds
'0.322526,-0.797413,0.0205383,0.952904,0.0437735,0.356387,0.513808,-0.591321,0.310922,0.295084,0.613402,-0.461799,0.224016,-0.853305,-0.47881,-0.701221,-0.58843'
	x	|	y	|	offset	|	score
---------+---------+--------+-----------
34.4656	|68.354	|95	|7.64783
34.4656	|68.354	|180	|7.73882
34.4656	|68.354	|160	|7.77296
34.4656	|68.354	|65	|7.8274
34.4656	|68.354	|105	|7.89486
34.4656	|68.354	|355	|7.92704
34.4656	|68.354	|330	|7.93052
34.4656	|68.354	|50	|7.94659
34.4656	|68.354	|135	|7.95053
34.4656	|68.354	|345	|7.96983
(10 rows)

Time: 0.001304 seconds
'-0.240026,0.353626,0.0919979,0.464298,0.460631,-0.0146044,-0.450107,0.0410796,-0.516955,0.963419,0.544142,-0.416925,-0.956701,-0.0891493,0.905601,-0.754114,0.931389'
	x	|	y	|	offset	|	score
---------+---------+--------+-----------
34.4656	|68.354	|155	|7.56811
34.4656	|68.354	|140	|7.64897
34.4656	|68.354	|95	|7.77603
34.4656	|68.354	|130	|7.81955
34.4656	|68.354	|90	|7.8286
34.4656	|68.354	|185	|7.91942
34.4656	|68.354	|120	|7.94546
34.4656	|68.354	|75	|7.95351
34.4656	|68.354	|160	|7.9956
34.4656	|68.354	|335	|7.99859
(10 rows)

Time: 0.001315 seconds
'0.858505,0.28966,0.287776,0.372312,0.698338,-0.401302,-0.332604,0.31174,0.136899,0.891412,0.458435,0.658089,-0.809808,0.870005,-0.581937,0.543818,-0.0379968'
	x	|	y	|	offset	|	score
---------+---------+--------+-----------
34.4656	|68.354	|40	|8.08882
34.4656	|68.354	|15	|8.12189
34.4656	|68.354	|50	|8.13046
34.4656	|68.354	|60	|8.15479
34.4656	|68.354	|130	|8.21355
34.4656	|68.354	|100	|8.2434
34.4656	|68.354	|30	|8.24771
34.4656	|68.354	|335	|8.25875
34.4656	|68.354	|155	|8.28977
34.4656	|68.354	|350	|8.29864
(10 rows)

Time: 0.001349 seconds
'0.882361,0.00444829,0.947399,-0.567747,-0.954472,-0.569557,-0.604328,0.589669,0.0135186,-0.561028,-0.49948,-0.0808803,-0.315142,-0.568091,-0.222376,0.974517,0.719685'
	x	|	y	|	offset	|	score
---------+---------+--------+-----------
34.4656	|68.354	|75	|8.76896
34.4656	|68.354	|115	|8.80436
34.4656	|68.354	|320	|8.83216
34.4656	|68.354	|0	|8.83383
34.4656	|68.354	|35	|8.87102
34.4656	|68.354	|100	|8.88791
34.4656	|68.354	|310	|8.92447
34.4656	|68.354	|265	|8.92852
34.4656	|68.354	|170	|8.95622
34.4656	|68.354	|145	|8.95854
(10 rows)

Time: 0.001649 seconds
'-0.850063,0.672856,-0.681617,-0.182667,-0.0154044,0.455282,-0.291255,-0.556969,0.113371,-0.101063,-0.686964,0.531433,-0.557246,0.275039,0.413794,0.447202,0.222438'
	x	|	y	|	offset	|	score
---------+---------+--------+-----------
34.4656	|68.354	|175	|6.32321
34.4656	|68.354	|45	|6.67866
34.4656	|68.354	|85	|6.68918
34.4656	|68.354	|145	|6.69462
34.4656	|68.354	|25	|6.7537
34.4656	|68.354	|5	|6.7644
34.4656	|68.354	|90	|6.79216
34.4656	|68.354	|335	|6.79694
34.4656	|68.354	|320	|6.79963
34.4656	|68.354	|35	|6.82121
(10 rows)

Time: 0.00195 seconds
-----------------
Search: 29-D
-----------------
'0.846047,0.49273,0.652882,-0.758281,0.0823998,-0.3336,-0.319309,0.58292,0.58552,0.365549,-0.985171,-0.636856,0.340066,0.734514,-0.486919,0.0129216,-0.947102,0.330413,0.997517,0.50818,-0.960842,-0.559452,-0.37845,-0.0619053,-0.246416,-0.847016,0.380849,-0.971377,0.566777'
	x	|	y	|	offset	|	score
---------+---------+--------+-----------
34.4656	|68.354	|105	|15.2982
34.4656	|68.354	|130	|15.3505
34.4656	|68.354	|170	|15.3538
34.4656	|68.354	|85	|15.3704
34.4656	|68.354	|335	|15.5197
34.4656	|68.354	|160	|15.5446
34.4656	|68.354	|35	|15.5459
34.4656	|68.354	|115	|15.644
34.4656	|68.354	|350	|15.6476
34.4656	|68.354	|175	|15.6657
(10 rows)

Time: 0.002054 seconds
'-0.171949,0.251062,0.412825,-0.679218,-0.0960567,0.654544,0.403182,0.570343,-0.664765,-0.0138985,0.155863,0.700784,0.000930667,0.519007,0.04085,-0.264555,-0.967912,-0.946228,-0.211657,0.362501,-0.948711,-0.703478,0.401659,-0.508163,-0.0819275,-0.660246,0.245421,0.071056,0.720603'
	x	|	y	|	offset	|	score
---------+---------+--------+-----------
34.4656	|68.354	|15	|11.7313
34.4656	|68.354	|160	|11.8022
34.4656	|68.354	|155	|11.8279
34.4656	|68.354	|310	|12.0713
34.4656	|68.354	|335	|12.0766
34.4656	|68.354	|85	|12.1996
34.4656	|68.354	|80	|12.2031
34.4656	|68.354	|120	|12.2255
34.4656	|68.354	|25	|12.2645
34.4656	|68.354	|290	|12.2689
(10 rows)

Time: 0.001425 seconds
'0.274044,-0.362167,-0.451346,-0.474894,-0.949342,-0.130564,0.429049,0.705202,-0.727382,-0.000607312,-0.959562,0.258719,-0.844744,0.741222,-0.74035,0.674263,-0.217928,-0.00490493,0.706351,-0.164157,0.783438,0.0688528,-0.112868,-0.92004,-0.529488,0.378969,-0.00196749,-0.189733,-0.375611'
	x	|	y	|	offset	|	score
---------+---------+--------+-----------
34.4656	|68.354	|15	|12.7902
34.4656	|68.354	|40	|12.9032
34.4656	|68.354	|170	|12.9415
34.4656	|68.354	|30	|12.955
34.4656	|68.354	|325	|13.0128
34.4656	|68.354	|50	|13.0183
34.4656	|68.354	|355	|13.0302
34.4656	|68.354	|105	|13.0551
34.4656	|68.354	|330	|13.0573
34.4656	|68.354	|340	|13.0874
(10 rows)

Time: 0.00143 seconds
'-0.930912,-0.46913,0.898434,-0.293078,0.0795243,-0.57646,-0.24242,0.948961,0.852589,-0.537218,-0.778422,-0.148018,-0.49678,0.480298,0.00723743,-0.755558,0.739948,-0.318499,0.0265135,-0.264957,-0.612148,0.862357,-0.48152,0.456705,-0.250511,-0.40156,0.927217,-0.871542,0.596473'
	x	|	y	|	offset	|	score
---------+---------+--------+-----------
34.4656	|68.354	|175	|14.3904
34.4656	|68.354	|100	|14.7331
34.4656	|68.354	|95	|14.8822
34.4656	|68.354	|110	|14.9178
34.4656	|68.354	|140	|14.9372
34.4656	|68.354	|320	|14.9639
34.4656	|68.354	|130	|14.9737
34.4656	|68.354	|45	|14.9847
34.4656	|68.354	|35	|14.987
34.4656	|68.354	|0	|15.0443
(10 rows)

Time: 0.001419 seconds
'-0.262516,-0.247153,0.665561,0.268354,-0.348719,-0.627517,-0.652122,0.0748206,0.130064,-0.703161,-0.0725905,0.592846,-0.481583,0.779391,-0.903934,0.998714,-0.213371,-0.659492,0.738662,0.468129,0.367021,-0.526295,0.855982,0.229378,-0.00781488,0.312687,0.978867,0.590626,0.239904'
	x	|	y	|	offset	|	score
---------+---------+--------+-----------
34.4656	|68.354	|105	|13.1988
34.4656	|68.354	|175	|13.2371
34.4656	|68.354	|15	|13.2515
34.4656	|68.354	|110	|13.3878
34.4656	|68.354	|35	|13.4906
34.4656	|68.354	|115	|13.5298
34.4656	|68.354	|180	|13.5571
34.4656	|68.354	|75	|13.6322
34.4656	|68.354	|310	|13.6375
34.4656	|68.354	|335	|13.6783
(10 rows)

Time: 0.001452 seconds
'-0.892675,0.187099,0.977388,-0.139828,-0.14734,0.245742,0.511453,0.225143,0.59362,-0.413727,-0.644793,0.890458,0.513683,0.948053,-0.591125,0.293074,-0.955881,-0.592411,-0.920298,-0.615373,-0.853749,0.547832,0.751648,-0.380044,0.403813,-0.0189739,0.612141,-0.2835,-0.040107'
	x	|	y	|	offset	|	score
---------+---------+--------+-----------
34.4656	|68.354	|110	|14.3553
34.4656	|68.354	|15	|14.5667
34.4656	|68.354	|175	|14.6085
34.4656	|68.354	|35	|14.7075
34.4656	|68.354	|0	|14.7473
34.4656	|68.354	|315	|14.8101
34.4656	|68.354	|5	|14.8245
34.4656	|68.354	|135	|14.858
34.4656	|68.354	|45	|14.8829
34.4656	|68.354	|155	|14.8923
(10 rows)

Time: 0.001378 seconds
'0.202767,0.956404,0.0672177,-0.610134,0.933792,0.92739,0.242525,0.179533,0.438842,-0.532331,-0.226847,-0.974884,-0.177124,-0.336389,0.538799,-0.229071,0.0724863,-0.168127,-0.184952,0.480076,-0.088425,0.199675,0.626327,-0.540593,-0.0486772,-0.753717,0.86322,0.932349,0.858425'
	x	|	y	|	offset	|	score
---------+---------+--------+-----------
34.4656	|68.354	|85	|12.7208
34.4656	|68.354	|20	|12.7644
34.4656	|68.354	|160	|12.861
34.4656	|68.354	|140	|12.8645
34.4656	|68.354	|265	|12.9595
34.4656	|68.354	|0	|13.0181
34.4656	|68.354	|55	|13.0776
34.4656	|68.354	|310	|13.0831
34.4656	|68.354	|65	|13.1149
34.4656	|68.354	|335	|13.1236
(10 rows)

Time: 0.001396 seconds
'-0.42028,-0.107758,0.0611917,-0.463876,0.95946,0.451057,-0.530084,0.886849,-0.306417,0.649449,0.325692,0.161252,-0.577398,0.350807,0.984128,0.0862136,-0.110394,-0.244943,-0.8413,0.721479,0.570105,0.638776,-0.366946,-0.230221,0.265103,0.0924603,0.721102,0.511386,-0.0443196'
	x	|	y	|	offset	|	score
---------+---------+--------+-----------
34.4656	|68.354	|80	|12.0049
34.4656	|68.354	|175	|12.0968
34.4656	|68.354	|155	|12.2642
34.4656	|68.354	|350	|12.282
34.4656	|68.354	|135	|12.3112
34.4656	|68.354	|145	|12.322
34.4656	|68.354	|120	|12.4058
34.4656	|68.354	|0	|12.4814
34.4656	|68.354	|275	|12.4929
34.4656	|68.354	|315	|12.5056
(10 rows)

Time: 0.001386 seconds
'0.653451,0.369811,0.5354,-0.454307,-0.568997,-0.928476,-0.494848,0.88206,-0.45856,-0.607998,-0.424357,-0.809111,0.717693,0.736894,-0.386509,0.0685006,0.721022,0.699705,0.958107,-0.523921,0.858405,0.679585,-0.953817,0.49718,-0.687361,-0.184037,-0.237717,0.405099,-0.462935'
	x	|	y	|	offset	|	score
---------+---------+--------+-----------
34.4656	|68.354	|170	|16.0637
34.4656	|68.354	|100	|16.2242
34.4656	|68.354	|110	|16.496
34.4656	|68.354	|20	|16.5141
34.4656	|68.354	|105	|16.5399
34.4656	|68.354	|145	|16.6391
34.4656	|68.354	|165	|16.6404
34.4656	|68.354	|355	|16.6548
34.4656	|68.354	|70	|16.6757
34.4656	|68.354	|320	|16.7075
(10 rows)

Time: 0.001381 seconds
'-0.72633,-0.63922,-0.809484,0.643481,0.89618,-0.263791,-0.925516,0.967704,0.241361,0.956544,-0.490856,0.633363,-0.467813,-0.299967,0.351056,-0.730919,0.313524,-0.580443,0.990103,0.0132288,-0.622336,-0.533818,-0.128366,-0.942751,-0.487634,-0.631186,-0.630112,0.328328,0.131097'
	x	|	y	|	offset	|	score
---------+---------+--------+-----------
34.4656	|68.354	|95	|15.4063
34.4656	|68.354	|90	|15.4421
34.4656	|68.354	|150	|15.5536
34.4656	|68.354	|75	|15.8771
34.4656	|68.354	|105	|15.8786
34.4656	|68.354	|175	|15.947
34.4656	|68.354	|10	|15.9714
34.4656	|68.354	|130	|15.9732
34.4656	|68.354	|155	|16.0639
34.4656	|68.354	|55	|16.0765
(10 rows)

Time: 0.001377 seconds
'0.774987,0.865394,0.404767,-0.864233,-0.94409,0.0482483,-0.968053,-0.207881,0.122732,0.999651,-0.96652,0.0792764,-0.491206,0.666843,0.611463,0.208827,0.0178998,0.880545,-0.477649,0.437457,0.870648,0.53558,0.81512,-0.663169,-0.592787,0.87237,-0.150804,-0.223973,-0.757743'
	x	|	y	|	offset	|	score
---------+---------+--------+-----------
34.4656	|68.354	|5	|15.6707
34.4656	|68.354	|145	|15.7549
34.4656	|68.354	|125	|15.9691
34.4656	|68.354	|175	|16.1576
34.4656	|68.354	|250	|16.2075
34.4656	|68.354	|85	|16.2122
34.4656	|68.354	|315	|16.2165
34.4656	|68.354	|335	|16.255
34.4656	|68.354	|270	|16.2565
34.4656	|68.354	|50	|16.3091
(10 rows)

Time: 0.001374 seconds
'-0.822475,0.907125,-0.982755,-0.957082,0.311892,-0.846989,-0.901172,-0.63986,-0.815042,-0.109053,0.482872,-0.815391,-0.0755733,-0.437851,-0.306597,-0.40873,-0.826388,0.90223,0.60917,-0.945843,-0.575419,0.0466266,0.924805,0.960161,-0.138253,-0.738364,-0.632626,-0.265884,0.110832'
	x	|	y	|	offset	|	score
---------+---------+--------+-----------
34.4656	|68.354	|160	|16.7104
34.4656	|68.354	|20	|16.8744
34.4656	|68.354	|100	|16.8856
34.4656	|68.354	|30	|16.9389
34.4656	|68.354	|165	|16.9679
34.4656	|68.354	|25	|17.0541
34.4656	|68.354	|90	|17.1066
34.4656	|68.354	|60	|17.1328
34.4656	|68.354	|105	|17.1972
34.4656	|68.354	|95	|17.2504
(10 rows)

Time: 0.001393 seconds
'0.143402,-0.0236261,0.288357,0.0505266,-0.00638145,0.331275,-0.637581,0.14663,0.430103,-0.277441,0.331588,-0.678951,-0.794569,0.516197,0.245476,-0.23242,-0.7904,0.836746,-0.0588075,-0.88817,0.445916,-0.00465041,-0.463589,-0.507458,-0.079845,-0.503428,0.354289,0.181791,-0.136054'
	x	|	y	|	offset	|	score
---------+---------+--------+-----------
34.4656	|68.354	|30	|9.7519
34.4656	|68.354	|130	|9.98293
34.4656	|68.354	|265	|10.047
34.4656	|68.354	|120	|10.047
34.4656	|68.354	|40	|10.0728
34.4656	|68.354	|20	|10.0756
34.4656	|68.354	|175	|10.1521
34.4656	|68.354	|310	|10.1849
34.4656	|68.354	|50	|10.1882
34.4656	|68.354	|110	|10.1994
(10 rows)

Time: 0.001371 seconds
'-0.911594,-0.707377,-0.992652,0.0647796,0.58098,0.057875,-0.941602,-0.087745,0.420294,0.205028,-0.657642,-0.857148,-0.463384,-0.336593,-0.651716,-0.947187,0.908883,0.115864,-0.737587,0.745629,-0.942943,-0.625758,0.191545,0.0524062,-0.0893465,0.684087,0.972561,0.407225,0.0383763'
	x	|	y	|	offset	|	score
---------+---------+--------+-----------
34.4656	|68.354	|85	|14.8102
34.4656	|68.354	|90	|14.8506
34.4656	|68.354	|350	|14.8927
34.4656	|68.354	|95	|14.9085
34.4656	|68.354	|45	|14.9161
34.4656	|68.354	|135	|14.9652
34.4656	|68.354	|160	|15
34.4656	|68.354	|145	|15.0401
34.4656	|68.354	|100	|15.0714
34.4656	|68.354	|35	|15.1464
(10 rows)

Time: 0.001397 seconds
'0.154352,-0.728828,0.126782,0.446975,-0.72148,-0.808438,0.0279553,0.336395,-0.75004,0.94021,-0.243311,0.454988,-0.717432,-0.100459,0.991604,-0.0540248,0.247825,-0.955583,-0.145142,-0.636311,-0.69317,-0.399513,-0.579254,-0.318928,0.792032,0.473152,0.591726,0.476119,0.445713'
	x	|	y	|	offset	|	score
---------+---------+--------+-----------
34.4656	|68.354	|145	|13.7859
34.4656	|68.354	|0	|13.8503
34.4656	|68.354	|10	|13.8607
34.4656	|68.354	|310	|13.912
34.4656	|68.354	|75	|13.9354
34.4656	|68.354	|45	|14.011
34.4656	|68.354	|155	|14.0158
34.4656	|68.354	|270	|14.028
34.4656	|68.354	|180	|14.0371
34.4656	|68.354	|130	|14.0382
(10 rows)

Time: 0.001427 seconds
'-0.00104874,-0.485504,-0.399935,0.270123,0.641278,-0.952959,0.548644,0.832839,0.0749961,-0.114961,-0.917201,0.0152063,0.641728,0.537787,0.297775,-0.45873,0.529392,-0.75625,0.789095,0.573809,0.0986079,-0.847216,0.880639,0.699095,-0.42647,-0.438289,0.491127,-0.953317,-0.846563'
	x	|	y	|	offset	|	score
---------+---------+--------+-----------
34.4656	|68.354	|150	|14.4514
34.4656	|68.354	|105	|14.8191
34.4656	|68.354	|95	|15.0469
34.4656	|68.354	|355	|15.1275
34.4656	|68.354	|40	|15.1996
34.4656	|68.354	|140	|15.2208
34.4656	|68.354	|55	|15.2441
34.4656	|68.354	|250	|15.25
34.4656	|68.354	|130	|15.3097
34.4656	|68.354	|180	|15.3215
(10 rows)

Time: 0.001371 seconds
'-0.0327534,0.492396,0.152388,0.481742,-0.907539,-0.577488,0.12302,-0.860498,0.971155,-0.0441409,0.214498,-0.143806,0.0386584,-0.770295,-0.502078,-0.423554,0.527479,0.0391918,-0.894162,0.771229,-0.171713,0.679647,-0.130163,-0.0189289,0.560286,-0.431068,0.554602,-0.878003,-0.939941'
	x	|	y	|	offset	|	score
---------+---------+--------+-----------
34.4656	|68.354	|115	|12.3938
34.4656	|68.354	|5	|12.8636
34.4656	|68.354	|180	|12.869
34.4656	|68.354	|140	|12.9491
34.4656	|68.354	|315	|13.0247
34.4656	|68.354	|130	|13.0429
34.4656	|68.354	|135	|13.0521
34.4656	|68.354	|85	|13.0565
34.4656	|68.354	|60	|13.1125
34.4656	|68.354	|320	|13.1196
(10 rows)

Time: 0.001418 seconds
'0.601284,-0.724566,0.0273061,0.0936803,0.427823,-0.490952,0.186142,0.850334,0.632068,0.325644,0.821489,-0.412073,-0.459858,-0.322316,0.626585,-0.230153,0.175606,-0.796969,-0.702674,-0.785202,-0.691131,-0.931445,0.0430844,0.988516,-0.0616082,-0.975845,0.548802,0.507324,0.578757'
	x	|	y	|	offset	|	score
---------+---------+--------+-----------
34.4656	|68.354	|130	|14.2267
34.4656	|68.354	|150	|14.3012
34.4656	|68.354	|90	|14.3605
34.4656	|68.354	|160	|14.3974
34.4656	|68.354	|95	|14.4064
34.4656	|68.354	|20	|14.5586
34.4656	|68.354	|180	|14.623
34.4656	|68.354	|310	|14.6935
34.4656	|68.354	|55	|14.6996
34.4656	|68.354	|75	|14.7037
(10 rows)

Time: 0.001376 seconds
'0.670799,0.567383,0.180041,0.946233,-0.405311,-0.726278,0.374056,0.103738,0.459863,0.22439,-0.264194,-0.214493,0.0458791,0.323733,0.325649,0.723563,-0.0496819,-0.904504,-0.100832,0.153349,-0.607177,0.113966,0.462218,-0.538622,-0.84295,0.450734,0.399769,-0.818794,-0.000464141'
	x	|	y	|	offset	|	score
---------+---------+--------+-----------
34.4656	|68.354	|125	|11.3815
34.4656	|68.354	|15	|11.3857
34.4656	|68.354	|180	|11.5455
34.4656	|68.354	|115	|11.5494
34.4656	|68.354	|25	|11.606
34.4656	|68.354	|35	|11.7404
34.4656	|68.354	|260	|11.7765
34.4656	|68.354	|310	|11.7833
34.4656	|68.354	|70	|11.8055
34.4656	|68.354	|0	|11.8068
(10 rows)

Time: 0.0014 seconds
'-0.0929069,0.759963,-0.329665,-0.525524,-0.0599957,-0.383432,0.0691658,0.213726,0.990623,-0.827097,-0.326411,0.215013,-0.0912911,0.459096,-0.739108,-0.767558,-0.215254,0.984455,0.18276,-0.119758,-0.116376,-0.663891,0.273065,0.99759,0.798327,0.734442,-0.84536,0.249062,0.134212'
	x	|	y	|	offset	|	score
---------+---------+--------+-----------
34.4656	|68.354	|110	|12.2518
34.4656	|68.354	|100	|12.6095
34.4656	|68.354	|175	|12.6773
34.4656	|68.354	|105	|12.6836
34.4656	|68.354	|155	|12.7203
34.4656	|68.354	|15	|12.7498
34.4656	|68.354	|80	|12.7984
34.4656	|68.354	|30	|12.8632
34.4656	|68.354	|165	|12.8695
34.4656	|68.354	|330	|12.898
(10 rows)

Time: 0.001376 seconds
'-0.664154,-0.751402,-0.958695,-0.904191,-0.0810677,-0.484219,0.0358136,0.5355,0.584947,-0.750461,0.526124,0.75785,-0.0768714,-0.258863,-0.333441,-0.617775,0.00202906,-0.100999,0.166971,-0.0135159,-0.91824,-0.952787,0.870108,-0.58213,0.320278,0.867697,-0.783803,0.0547203,-0.977663'
	x	|	y	|	offset	|	score
---------+---------+--------+-----------
34.4656	|68.354	|105	|14.4891
34.4656	|68.354	|75	|14.5054
34.4656	|68.354	|330	|14.5397
34.4656	|68.354	|150	|14.5529
34.4656	|68.354	|115	|14.5551
34.4656	|68.354	|80	|14.6631
34.4656	|68.354	|40	|14.6957
34.4656	|68.354	|110	|14.7033
34.4656	|68.354	|60	|14.7214
34.4656	|68.354	|175	|14.7246
(10 rows)

Time: 0.001372 seconds
'0.465258,-0.811068,-0.641816,0.713856,-0.769764,-0.546007,-0.367212,-0.253982,0.489806,-0.831712,-0.669036,0.739346,0.694412,-0.911185,-0.337526,-0.564451,-0.244626,0.0446993,0.437578,0.654375,-0.78833,-0.575938,0.736135,-0.741117,-0.705831,-0.845995,0.579161,-0.838133,-0.629798'
	x	|	y	|	offset	|	score
---------+---------+--------+-----------
34.4656	|68.354	|105	|16.5843
34.4656	|68.354	|90	|17.0309
34.4656	|68.354	|40	|17.1406
34.4656	|68.354	|180	|17.1652
34.4656	|68.354	|35	|17.168
34.4656	|68.354	|115	|17.2002
34.4656	|68.354	|135	|17.2159
34.4656	|68.354	|355	|17.3042
34.4656	|68.354	|150	|17.3106
34.4656	|68.354	|325	|17.3318
(10 rows)

Time: 0.001395 seconds
'-0.366118,-0.815796,0.83546,-0.177187,-0.457612,0.549316,0.0530499,-0.00361937,-0.817895,0.799067,-0.513813,-0.649607,-0.869968,-0.774467,-0.955195,-0.781153,-0.111993,-0.519647,-0.0257792,0.932706,0.917931,-0.371404,-0.855624,-0.658007,-0.635269,-0.59674,-0.363838,-0.481264,0.982421'
	x	|	y	|	offset	|	score
---------+---------+--------+-----------
34.4656	|68.354	|95	|16.2411
34.4656	|68.354	|85	|16.3435
34.4656	|68.354	|65	|16.4213
34.4656	|68.354	|335	|16.4951
34.4656	|68.354	|125	|16.512
34.4656	|68.354	|345	|16.5604
34.4656	|68.354	|155	|16.5726
34.4656	|68.354	|270	|16.6033
34.4656	|68.354	|160	|16.6168
34.4656	|68.354	|45	|16.667
(10 rows)

Time: 0.001391 seconds
'-0.201971,-0.111062,-0.383697,-0.0177666,-0.275602,0.439116,0.524621,-0.726286,-0.507834,-0.478998,-0.544181,-0.708766,0.0071888,-0.193788,-0.578734,0.232722,-0.148984,-0.359888,-0.879272,0.33137,0.614333,-0.946565,0.249301,-0.757071,-0.802189,0.591294,-0.39234,-0.398929,-0.772544'
	x	|	y	|	offset	|	score
---------+---------+--------+-----------
34.4656	|68.354	|15	|12.383
34.4656	|68.354	|250	|12.8579
34.4656	|68.354	|345	|12.8915
34.4656	|68.354	|55	|12.9133
34.4656	|68.354	|260	|12.926
34.4656	|68.354	|125	|12.928
34.4656	|68.354	|45	|12.9689
34.4656	|68.354	|355	|12.9721
34.4656	|68.354	|65	|12.9998
34.4656	|68.354	|25	|13.007
(10 rows)

Time: 0.001402 seconds
'0.126395,-0.416508,0.0254852,-0.984667,0.199795,-0.992281,-0.260269,-0.361089,0.53234,0.0134451,0.131077,-0.946658,0.469264,0.422311,0.0605305,-0.724524,0.843576,-0.706748,0.126492,-0.516312,-0.58602,-0.542138,-0.901978,-0.532585,0.707162,-0.65905,-0.334774,0.298456,-0.0513902'
	x	|	y	|	offset	|	score
---------+---------+--------+-----------
34.4656	|68.354	|170	|12.657
34.4656	|68.354	|130	|12.988
34.4656	|68.354	|10	|13.03
34.4656	|68.354	|80	|13.0571
34.4656	|68.354	|100	|13.0868
34.4656	|68.354	|30	|13.1303
34.4656	|68.354	|140	|13.131
34.4656	|68.354	|150	|13.1404
34.4656	|68.354	|90	|13.1778
34.4656	|68.354	|75	|13.1826
(10 rows)

Time: 0.001362 seconds
'0.266297,0.525912,-0.924995,0.84979,-0.448603,-0.909662,0.0495844,-0.440885,-0.169931,0.688495,-0.908545,0.843514,-0.180427,-0.855203,0.312778,-0.758117,0.205327,0.588254,-0.914541,0.498579,-0.285254,-0.430852,0.91256,0.172607,-0.332831,-0.620025,-0.120231,0.0081197,0.0452015'
	x	|	y	|	offset	|	score
---------+---------+--------+-----------
34.4656	|68.354	|85	|13.645
34.4656	|68.354	|15	|13.6456
34.4656	|68.354	|95	|13.6844
34.4656	|68.354	|145	|13.707
34.4656	|68.354	|90	|13.7254
34.4656	|68.354	|335	|13.8573
34.4656	|68.354	|50	|13.9157
34.4656	|68.354	|320	|13.9944
34.4656	|68.354	|185	|14.031
34.4656	|68.354	|70	|14.0375
(10 rows)

Time: 0.001372 seconds
'-0.821775,0.95673,-0.688501,0.704137,-0.968265,-0.838712,-0.744466,-0.877927,0.210873,-0.185351,-0.0478575,-0.100632,-0.0938956,-0.204343,0.718941,0.0509012,-0.891565,0.960824,-0.743771,0.696689,-0.953717,0.754808,-0.588565,-0.384569,0.667368,0.584042,0.282601,-0.952657,-0.536189'
	x	|	y	|	offset	|	score
---------+---------+--------+-----------
34.4656	|68.354	|90	|16.4135
34.4656	|68.354	|340	|16.799
34.4656	|68.354	|135	|16.821
34.4656	|68.354	|120	|16.8371
34.4656	|68.354	|45	|16.8538
34.4656	|68.354	|115	|16.8936
34.4656	|68.354	|25	|16.902
34.4656	|68.354	|350	|16.9129
34.4656	|68.354	|185	|16.9163
34.4656	|68.354	|5	|16.9628
(10 rows)

Time: 0.00139 seconds
'-0.70928,0.0925446,-0.357963,-0.75255,0.404044,-0.653826,-0.720815,0.565332,-0.398293,-0.598742,-0.223795,0.416357,0.353401,0.675573,-0.677539,-0.850942,0.394514,0.373362,-0.742507,0.355338,0.629591,0.954182,0.401621,0.384399,-0.634383,-0.982948,0.0517664,0.949659,0.299653'
	x	|	y	|	offset	|	score
---------+---------+--------+-----------
34.4656	|68.354	|105	|14.9418
34.4656	|68.354	|175	|15.0107
34.4656	|68.354	|160	|15.0137
34.4656	|68.354	|100	|15.0712
34.4656	|68.354	|145	|15.0783
34.4656	|68.354	|110	|15.084
34.4656	|68.354	|5	|15.1486
34.4656	|68.354	|30	|15.2219
34.4656	|68.354	|95	|15.2271
34.4656	|68.354	|50	|15.2431
(10 rows)

Time: 0.001376 seconds
'0.0991094,-0.58653,0.590374,-0.808346,0.0555067,0.837824,0.595698,0.40168,-0.882992,0.16103,-0.996612,-0.481734,0.937234,0.419744,0.871667,0.612808,0.742205,-0.979275,0.00732124,0.115567,-0.721783,-0.637341,-0.254842,-0.767601,0.76428,-0.870444,-0.401984,0.781332,0.181323'
	x	|	y	|	offset	|	score
---------+---------+--------+-----------
34.4656	|68.354	|155	|16.0779
34.4656	|68.354	|10	|16.1347
34.4656	|68.354	|55	|16.1458
34.4656	|68.354	|35	|16.1463
34.4656	|68.354	|85	|16.152
34.4656	|68.354	|170	|16.1768
34.4656	|68.354	|125	|16.2216
34.4656	|68.354	|130	|16.2809
34.4656	|68.354	|335	|16.2907
34.4656	|68.354	|320	|16.3023
(10 rows)

Time: 0.001378 seconds
'-0.452325,0.0809857,-0.719568,-0.0388551,-0.328641,-0.527914,-0.983348,-0.490817,-0.932216,0.418332,-0.373809,0.228813,0.42172,0.144458,0.166048,-0.158536,0.0161246,-0.221145,-0.416331,0.0368491,0.786177,0.699236,0.315066,-0.851164,-0.555606,0.547466,0.913116,-0.42605,-0.854518'
	x	|	y	|	offset	|	score
---------+---------+--------+-----------
34.4656	|68.354	|145	|12.4923
34.4656	|68.354	|5	|12.4982
34.4656	|68.354	|315	|12.6595
34.4656	|68.354	|95	|12.7195
34.4656	|68.354	|350	|12.7255
34.4656	|68.354	|325	|12.7287
34.4656	|68.354	|60	|12.8037
34.4656	|68.354	|25	|12.8325
34.4656	|68.354	|250	|12.8397
34.4656	|68.354	|355	|12.8608
(10 rows)

Time: 0.0014 seconds
